<?xml version="1.0" encoding="UTF-8"?>
<!-- Generated by org.testng.reporters.JUnitReportReporter -->
<testsuite skipped="0" hostname="b120627-lt" name="wsm.teamChoDien.Test.LoginTest" tests="1" failures="0" timestamp="14 Oct 2018 08:45:54 GMT" time="9.493" errors="0">
  <testcase name="b_loginWithValidAcount" time="9.493" classname="wsm.teamChoDien.Test.LoginTest"/>
</testsuite> <!-- wsm.teamChoDien.Test.LoginTest -->
